c:\users\user\desktop\programmingadvidces\parlellcomputinglabs\project\project\x64\debug\vc143.pdb
c:\users\user\desktop\programmingadvidces\parlellcomputinglabs\project\project\x64\debug\vc143.idb
c:\users\user\desktop\programmingadvidces\parlellcomputinglabs\project\project\x64\debug\sequentialofprimenumber.obj
c:\users\user\desktop\programmingadvidces\parlellcomputinglabs\project\project\x64\debug\parallelofprimenumber.obj
c:\users\user\desktop\programmingadvidces\parlellcomputinglabs\project\project\x64\debug\project.ilk
c:\users\user\desktop\programmingadvidces\parlellcomputinglabs\project\x64\debug\project.pdb
c:\users\user\desktop\programmingadvidces\parlellcomputinglabs\project\project\x64\debug\project.tlog\cl.command.1.tlog
c:\users\user\desktop\programmingadvidces\parlellcomputinglabs\project\project\x64\debug\project.tlog\cl.items.tlog
c:\users\user\desktop\programmingadvidces\parlellcomputinglabs\project\project\x64\debug\project.tlog\cl.read.1.tlog
c:\users\user\desktop\programmingadvidces\parlellcomputinglabs\project\project\x64\debug\project.tlog\cl.write.1.tlog
c:\users\user\desktop\programmingadvidces\parlellcomputinglabs\project\project\x64\debug\project.tlog\link-cvtres.read.1.tlog
c:\users\user\desktop\programmingadvidces\parlellcomputinglabs\project\project\x64\debug\project.tlog\link-cvtres.write.1.tlog
c:\users\user\desktop\programmingadvidces\parlellcomputinglabs\project\project\x64\debug\project.tlog\link-rc.read.1.tlog
c:\users\user\desktop\programmingadvidces\parlellcomputinglabs\project\project\x64\debug\project.tlog\link-rc.write.1.tlog
c:\users\user\desktop\programmingadvidces\parlellcomputinglabs\project\project\x64\debug\project.tlog\link.57592-cvtres.read.1.tlog
c:\users\user\desktop\programmingadvidces\parlellcomputinglabs\project\project\x64\debug\project.tlog\link.57592-cvtres.write.1.tlog
c:\users\user\desktop\programmingadvidces\parlellcomputinglabs\project\project\x64\debug\project.tlog\link.57592-rc.read.1.tlog
c:\users\user\desktop\programmingadvidces\parlellcomputinglabs\project\project\x64\debug\project.tlog\link.57592-rc.write.1.tlog
c:\users\user\desktop\programmingadvidces\parlellcomputinglabs\project\project\x64\debug\project.tlog\link.57592.read.1.tlog
c:\users\user\desktop\programmingadvidces\parlellcomputinglabs\project\project\x64\debug\project.tlog\link.57592.read.2.tlog
c:\users\user\desktop\programmingadvidces\parlellcomputinglabs\project\project\x64\debug\project.tlog\link.57592.read.3.tlog
c:\users\user\desktop\programmingadvidces\parlellcomputinglabs\project\project\x64\debug\project.tlog\link.57592.read.4.tlog
c:\users\user\desktop\programmingadvidces\parlellcomputinglabs\project\project\x64\debug\project.tlog\link.57592.write.1.tlog
c:\users\user\desktop\programmingadvidces\parlellcomputinglabs\project\project\x64\debug\project.tlog\link.command.1.tlog
c:\users\user\desktop\programmingadvidces\parlellcomputinglabs\project\project\x64\debug\project.tlog\link.read.1.tlog
c:\users\user\desktop\programmingadvidces\parlellcomputinglabs\project\project\x64\debug\project.tlog\link.read.2.tlog
c:\users\user\desktop\programmingadvidces\parlellcomputinglabs\project\project\x64\debug\project.tlog\link.read.3.tlog
c:\users\user\desktop\programmingadvidces\parlellcomputinglabs\project\project\x64\debug\project.tlog\link.read.4.tlog
c:\users\user\desktop\programmingadvidces\parlellcomputinglabs\project\project\x64\debug\project.tlog\link.secondary.1.tlog
c:\users\user\desktop\programmingadvidces\parlellcomputinglabs\project\project\x64\debug\project.tlog\link.write.1.tlog
